Using pre-set license
Built from '2020.3/china_unity/release' branch; Version is '2020.3.0f1c1 (1e553bf703d9) revision 1987899'; Using compiler version '192528614'; Build Type 'Release'
OS: 'Windows 10 Pro; OS build 19042.685; Version 2009; 64bit' Language: 'zh' Physical Memory: 65471 MB
BatchMode: 1, IsHumanControllingUs: 0, StartBugReporterOnCrash: 0, Is64bit: 1, IsPro: 0

 COMMAND LINE ARGUMENTS:
C:\Program Files\Unity\Hub\Editor\2020.3.0f1c1\Editor\Unity.exe
-adb2
-batchMode
-noUpm
-name
AssetImportWorker0
-projectPath
C:/Users/orca/MyWork/2021.5.15-平台游戏作业/Platformer
-logFile
Logs/AssetImportWorker0.log
-srvPort
64921
Successfully changed project path to: C:/Users/orca/MyWork/2021.5.15-平台游戏作业/Platformer
C:/Users/orca/MyWork/2021.5.15-平台游戏作业/Platformer
Using Asset Import Pipeline V2.
Refreshing native plugins compatible for Editor in 17.88 ms, found 0 plugins.
Preloading 0 native plugins for Editor in 0.00 ms.
Initialize engine version: 2020.3.0f1c1 (1e553bf703d9)
[Subsystems] Discovering subsystems at path C:/Program Files/Unity/Hub/Editor/2020.3.0f1c1/Editor/Data/Resources/UnitySubsystems
[Subsystems] Discovering subsystems at path C:/Users/orca/MyWork/2021.5.15-平台游戏作业/Platformer/Assets
GfxDevice: creating device client; threaded=0
Direct3D:
    Version:  Direct3D 11.0 [level 11.1]
    Renderer: NVIDIA GeForce GTX 1060 3GB (ID=0x1b84)
    Vendor:   
    VRAM:     2988 MB
    Driver:   27.21.14.5671
Initialize mono
Mono path[0] = 'C:/Program Files/Unity/Hub/Editor/2020.3.0f1c1/Editor/Data/Managed'
Mono path[1] = 'C:/Program Files/Unity/Hub/Editor/2020.3.0f1c1/Editor/Data/MonoBleedingEdge/lib/mono/unityjit'
Mono config path = 'C:/Program Files/Unity/Hub/Editor/2020.3.0f1c1/Editor/Data/MonoBleedingEdge/etc'
Using monoOptions --debugger-agent=transport=dt_socket,embedding=1,server=y,suspend=n,address=127.0.0.1:56908
Begin MonoManager ReloadAssembly
Registering precompiled unity dll's ...
Register platform support module: C:/Program Files/Unity/Hub/Editor/2020.3.0f1c1/Editor/Data/PlaybackEngines/WindowsStandaloneSupport/UnityEditor.WindowsStandalone.Extensions.dll
Registered in 0.002346 seconds.
Native extension for WindowsStandalone target not found
Refreshing native plugins compatible for Editor in 18.76 ms, found 0 plugins.
Preloading 0 native plugins for Editor in 0.00 ms.
Invoked RoslynAnalysisRunner static constructor.
RoslynAnalysisRunner will not be running.
RoslynAnalysisRunner has terminated.
Mono: successfully reloaded assembly
- Completed reload, in  2.749 seconds
Platform modules already initialized, skipping
Registering precompiled user dll's ...
Registered in 0.000621 seconds.
Begin MonoManager ReloadAssembly
Native extension for WindowsStandalone target not found
Refreshing native plugins compatible for Editor in 0.19 ms, found 0 plugins.
Preloading 0 native plugins for Editor in 0.00 ms.
Invoked RoslynAnalysisRunner static constructor.
RoslynAnalysisRunner will not be running.
RoslynAnalysisRunner has terminated.
Mono: successfully reloaded assembly
- Completed reload, in  0.642 seconds
Platform modules already initialized, skipping
========================================================================
Worker process is ready to serve import requests
Launched and connected shader compiler UnityShaderCompiler.exe after 0.03 seconds
Refreshing native plugins compatible for Editor in 0.18 ms, found 0 plugins.
Preloading 0 native plugins for Editor in 0.00 ms.
Unloading 1114 Unused Serialized files (Serialized files now loaded: 0)
System memory in use before: 56.8 MB.
System memory in use after: 56.9 MB.

Unloading 9 unused Assets to reduce memory usage. Loaded Objects now: 1557.
Total: 1.398400 ms (FindLiveObjects: 0.132000 ms CreateObjectMapping: 0.041300 ms MarkObjects: 1.178700 ms  DeleteObjects: 0.045500 ms)

========================================================================
Received Import Request.
  path: Assets/Scenes
  artifactKey: Guid(548b111ff55de8342b82dad49293036a) Importer(815301076,1909f56bfc062723c751e8b465ee728b)
Start importing Assets/Scenes using Guid(548b111ff55de8342b82dad49293036a) Importer(815301076,1909f56bfc062723c751e8b465ee728b)  -> (artifact id: 'da83c3e75680133e518097f58e490955') in 0.003003 seconds
  Import took 0.004351 seconds .

========================================================================
Received Import Request.
  Time since last request: 0.000140 seconds.
  path: Assets/Scenes/LevelParser.unity
  artifactKey: Guid(72ab8508c5dcae44e8ce39b9c82c2a74) Importer(815301076,1909f56bfc062723c751e8b465ee728b)
Start importing Assets/Scenes/LevelParser.unity using Guid(72ab8508c5dcae44e8ce39b9c82c2a74) Importer(815301076,1909f56bfc062723c751e8b465ee728b)  -> (artifact id: 'dd055745db06136c792485d9e2ac838b') in 0.006532 seconds
  Import took 0.007723 seconds .

========================================================================
Received Import Request.
  Time since last request: 0.000186 seconds.
  path: Assets/Scenes/SampleScene.unity
  artifactKey: Guid(9fc0d4010bbf28b4594072e72b8655ab) Importer(815301076,1909f56bfc062723c751e8b465ee728b)
Start importing Assets/Scenes/SampleScene.unity using Guid(9fc0d4010bbf28b4594072e72b8655ab) Importer(815301076,1909f56bfc062723c751e8b465ee728b)  -> (artifact id: 'ee784fde4f6b42f6105fc469b3638cb4') in 0.001477 seconds
  Import took 0.002627 seconds .

========================================================================
Received Import Request.
  Time since last request: 144.290033 seconds.
  path: Assets/Textures/Level1-1.png
  artifactKey: Guid(1b350468da476d44784643c3d9a36f48) Importer(815301076,1909f56bfc062723c751e8b465ee728b)
Start importing Assets/Textures/Level1-1.png using Guid(1b350468da476d44784643c3d9a36f48) Importer(815301076,1909f56bfc062723c751e8b465ee728b)  -> (artifact id: '89335c1579f27750e0ba468fd0fa8905') in 0.073518 seconds
  Import took 0.075185 seconds .

========================================================================
Received Import Request.
  Time since last request: 285.754538 seconds.
  path: Assets/Scenes/LevelParserSettings.lighting
  artifactKey: Guid(3202ea61def36fa42845b9737262da4b) Importer(815301076,1909f56bfc062723c751e8b465ee728b)
Start importing Assets/Scenes/LevelParserSettings.lighting using Guid(3202ea61def36fa42845b9737262da4b) Importer(815301076,1909f56bfc062723c751e8b465ee728b)  -> (artifact id: '38647bbfb174da050f90a9584b26b57c') in 0.004255 seconds
  Import took 0.005947 seconds .

========================================================================
Received Import Request.
  Time since last request: 0.010637 seconds.
  path: Assets/Scenes/LevelParserSettings.lighting
  artifactKey: Guid(3202ea61def36fa42845b9737262da4b) Importer(815301076,1909f56bfc062723c751e8b465ee728b)
Start importing Assets/Scenes/LevelParserSettings.lighting using Guid(3202ea61def36fa42845b9737262da4b) Importer(815301076,1909f56bfc062723c751e8b465ee728b)  -> (artifact id: '38647bbfb174da050f90a9584b26b57c') in 0.001788 seconds
  Import took 0.003252 seconds .

========================================================================
Received Import Request.
  Time since last request: 0.433557 seconds.
  path: Assets/Scenes/LevelParser.unity
  artifactKey: Guid(72ab8508c5dcae44e8ce39b9c82c2a74) Importer(815301076,1909f56bfc062723c751e8b465ee728b)
Start importing Assets/Scenes/LevelParser.unity using Guid(72ab8508c5dcae44e8ce39b9c82c2a74) Importer(815301076,1909f56bfc062723c751e8b465ee728b)  -> (artifact id: 'e9e14cc8fb77e694ea6a59851aab6bfc') in 0.001618 seconds
  Import took 0.003322 seconds .

========================================================================
Received Import Request.
  Time since last request: 0.000503 seconds.
  path: Assets/Scenes/LevelParser.unity
  artifactKey: Guid(72ab8508c5dcae44e8ce39b9c82c2a74) Importer(815301076,1909f56bfc062723c751e8b465ee728b)
Start importing Assets/Scenes/LevelParser.unity using Guid(72ab8508c5dcae44e8ce39b9c82c2a74) Importer(815301076,1909f56bfc062723c751e8b465ee728b)  -> (artifact id: 'e9e14cc8fb77e694ea6a59851aab6bfc') in 0.001505 seconds
  Import took 0.002818 seconds .

========================================================================
Received Import Request.
  Time since last request: 2.948687 seconds.
  path: Assets/Resources/Test.txt
  artifactKey: Guid(3cc86b075fe911c4b8b8055a38219a43) Importer(815301076,1909f56bfc062723c751e8b465ee728b)
Start importing Assets/Resources/Test.txt using Guid(3cc86b075fe911c4b8b8055a38219a43) Importer(815301076,1909f56bfc062723c751e8b465ee728b)  -> (artifact id: 'd1460bb139aeb9e7f1663371eb41c2c1') in 0.005675 seconds
  Import took 0.007272 seconds .

========================================================================
Received Import Request.
  Time since last request: 0.000551 seconds.
  path: Assets/Resources/Test.txt
  artifactKey: Guid(3cc86b075fe911c4b8b8055a38219a43) Importer(815301076,1909f56bfc062723c751e8b465ee728b)
Start importing Assets/Resources/Test.txt using Guid(3cc86b075fe911c4b8b8055a38219a43) Importer(815301076,1909f56bfc062723c751e8b465ee728b)  -> (artifact id: 'd1460bb139aeb9e7f1663371eb41c2c1') in 0.001638 seconds
  Import took 0.002931 seconds .

========================================================================
Received Import Request.
  Time since last request: 1429.355990 seconds.
  path: Assets/Textures/blocks/CubeExample.png
  artifactKey: Guid(2a4d904a4546d7a4daf5eed83a9f0aff) Importer(815301076,1909f56bfc062723c751e8b465ee728b)
Start importing Assets/Textures/blocks/CubeExample.png using Guid(2a4d904a4546d7a4daf5eed83a9f0aff) Importer(815301076,1909f56bfc062723c751e8b465ee728b)  -> (artifact id: 'b788bec165ea549e88a4afa814e964eb') in 0.026527 seconds
  Import took 0.028455 seconds .

========================================================================
Received Import Request.
  Time since last request: 0.562520 seconds.
  path: Assets/Textures/blocks/gold_block.png
  artifactKey: Guid(2eea0ad3fe8b8c242b1248f927d34178) Importer(815301076,1909f56bfc062723c751e8b465ee728b)
Start importing Assets/Textures/blocks/gold_block.png using Guid(2eea0ad3fe8b8c242b1248f927d34178) Importer(815301076,1909f56bfc062723c751e8b465ee728b)  -> (artifact id: '0efd9ee655b70f6be16ef0d6b867ba4a') in 0.004052 seconds
  Import took 0.005555 seconds .

========================================================================
Received Import Request.
  Time since last request: 0.000338 seconds.
  path: Assets/Textures/blocks/gold_block.png
  artifactKey: Guid(2eea0ad3fe8b8c242b1248f927d34178) Importer(815301076,1909f56bfc062723c751e8b465ee728b)
Start importing Assets/Textures/blocks/gold_block.png using Guid(2eea0ad3fe8b8c242b1248f927d34178) Importer(815301076,1909f56bfc062723c751e8b465ee728b)  -> (artifact id: '0efd9ee655b70f6be16ef0d6b867ba4a') in 0.003266 seconds
  Import took 0.004625 seconds .

========================================================================
Received Import Request.
  Time since last request: 0.444836 seconds.
  path: Assets/Textures/blocks/stone.png
  artifactKey: Guid(aa10dde7d6ece5d46b635033300acb89) Importer(815301076,1909f56bfc062723c751e8b465ee728b)
Start importing Assets/Textures/blocks/stone.png using Guid(aa10dde7d6ece5d46b635033300acb89) Importer(815301076,1909f56bfc062723c751e8b465ee728b)  -> (artifact id: 'e4ac3f76fcad1f0f6566fb2e13a563fa') in 0.003769 seconds
  Import took 0.005339 seconds .

========================================================================
Received Import Request.
  Time since last request: 0.002749 seconds.
  path: Assets/Textures/blocks/stone.png
  artifactKey: Guid(aa10dde7d6ece5d46b635033300acb89) Importer(815301076,1909f56bfc062723c751e8b465ee728b)
Start importing Assets/Textures/blocks/stone.png using Guid(aa10dde7d6ece5d46b635033300acb89) Importer(815301076,1909f56bfc062723c751e8b465ee728b)  -> (artifact id: 'e4ac3f76fcad1f0f6566fb2e13a563fa') in 0.003238 seconds
  Import took 0.004588 seconds .

========================================================================
Received Import Request.
  Time since last request: 0.918636 seconds.
  path: Assets/Textures/blocks/coarse_dirt.png
  artifactKey: Guid(73d828b955bd7cd4ca0fb0fd4fc4ce73) Importer(815301076,1909f56bfc062723c751e8b465ee728b)
Start importing Assets/Textures/blocks/coarse_dirt.png using Guid(73d828b955bd7cd4ca0fb0fd4fc4ce73) Importer(815301076,1909f56bfc062723c751e8b465ee728b)  -> (artifact id: '60e7de6a9c6a285d7e9cc10dc19d0153') in 0.003702 seconds
  Import took 0.005261 seconds .

========================================================================
Received Import Request.
  Time since last request: 0.000324 seconds.
  path: Assets/Textures/blocks/coarse_dirt.png
  artifactKey: Guid(73d828b955bd7cd4ca0fb0fd4fc4ce73) Importer(815301076,1909f56bfc062723c751e8b465ee728b)
Start importing Assets/Textures/blocks/coarse_dirt.png using Guid(73d828b955bd7cd4ca0fb0fd4fc4ce73) Importer(815301076,1909f56bfc062723c751e8b465ee728b)  -> (artifact id: '60e7de6a9c6a285d7e9cc10dc19d0153') in 0.003110 seconds
  Import took 0.004458 seconds .

========================================================================
Received Import Request.
  Time since last request: 0.622843 seconds.
  path: Assets/Textures/blocks/brick.png
  artifactKey: Guid(a7693f90a6ee4e945b830375e4372fb6) Importer(815301076,1909f56bfc062723c751e8b465ee728b)
Start importing Assets/Textures/blocks/brick.png using Guid(a7693f90a6ee4e945b830375e4372fb6) Importer(815301076,1909f56bfc062723c751e8b465ee728b)  -> (artifact id: '9e1692d6417c6095dec3304807fce151') in 0.003551 seconds
  Import took 0.005111 seconds .

========================================================================
Received Import Request.
  Time since last request: 42.149806 seconds.
  path: Assets/Models/Cube.png
  artifactKey: Guid(cc5de4cfbb9b8bf49bbced7c5b68642e) Importer(815301076,1909f56bfc062723c751e8b465ee728b)
Start importing Assets/Models/Cube.png using Guid(cc5de4cfbb9b8bf49bbced7c5b68642e) Importer(815301076,1909f56bfc062723c751e8b465ee728b)  -> (artifact id: '60ab49cbe8c9781fef7545b2b4924462') in 0.007035 seconds
  Import took 0.008612 seconds .

========================================================================
Received Import Request.
  Time since last request: 2.723768 seconds.
  path: Assets/Models/Cube.fbx
  artifactKey: Guid(ef1d99a326e4fbb4bac53e917f1e46d5) Importer(815301076,1909f56bfc062723c751e8b465ee728b)
Start importing Assets/Models/Cube.fbx using Guid(ef1d99a326e4fbb4bac53e917f1e46d5) Importer(815301076,1909f56bfc062723c751e8b465ee728b)  -> (artifact id: '5bd2676019f0acd0c3077caae86d4dc0') in 0.043822 seconds
  Import took 0.045482 seconds .

========================================================================
Received Import Request.
  Time since last request: 14.101637 seconds.
  path: Assets
  artifactKey: Guid(00000000000000001000000000000000) Importer(815301076,1909f56bfc062723c751e8b465ee728b)
Start importing Assets using Guid(00000000000000001000000000000000) Importer(815301076,1909f56bfc062723c751e8b465ee728b)  -> (artifact id: '67878a740a6b29383db4cb28315414dc') in 0.001525 seconds
  Import took 0.003111 seconds .

========================================================================
Received Import Request.
  Time since last request: 10.283759 seconds.
  path: Assets/Scripts
  artifactKey: Guid(7db46c55135ddb241a3bbcf35c994ba6) Importer(815301076,1909f56bfc062723c751e8b465ee728b)
Start importing Assets/Scripts using Guid(7db46c55135ddb241a3bbcf35c994ba6) Importer(815301076,1909f56bfc062723c751e8b465ee728b)  -> (artifact id: 'f0451590d2cb68f1ab68a42c78ab623e') in 0.001373 seconds
  Import took 0.002891 seconds .

========================================================================
Received Import Request.
  Time since last request: 0.000262 seconds.
  path: Assets/Scripts
  artifactKey: Guid(7db46c55135ddb241a3bbcf35c994ba6) Importer(815301076,1909f56bfc062723c751e8b465ee728b)
Start importing Assets/Scripts using Guid(7db46c55135ddb241a3bbcf35c994ba6) Importer(815301076,1909f56bfc062723c751e8b465ee728b)  -> (artifact id: 'f0451590d2cb68f1ab68a42c78ab623e') in 0.001259 seconds
  Import took 0.002459 seconds .

========================================================================
Received Import Request.
  Time since last request: 6.073759 seconds.
  path: Assets/Prefas
  artifactKey: Guid(47a143aae6051814ab4e0a172f70a61d) Importer(815301076,1909f56bfc062723c751e8b465ee728b)
Start importing Assets/Prefas using Guid(47a143aae6051814ab4e0a172f70a61d) Importer(815301076,1909f56bfc062723c751e8b465ee728b)  -> (artifact id: '1470d9e7cd5d05635bb4e78207efd91b') in 0.001362 seconds
  Import took 0.002866 seconds .

========================================================================
Received Import Request.
  Time since last request: 4.433454 seconds.
  path: Assets/Prefabs
  artifactKey: Guid(47a143aae6051814ab4e0a172f70a61d) Importer(815301076,1909f56bfc062723c751e8b465ee728b)
Start importing Assets/Prefabs using Guid(47a143aae6051814ab4e0a172f70a61d) Importer(815301076,1909f56bfc062723c751e8b465ee728b)  -> (artifact id: '471b14489e8aa2d619a7a258adba6e8f') in 0.001416 seconds
  Import took 0.002941 seconds .

========================================================================
Received Import Request.
  Time since last request: 77.528569 seconds.
  path: Assets/Materials
  artifactKey: Guid(90fa588dd64036343af007e92911173c) Importer(815301076,1909f56bfc062723c751e8b465ee728b)
Start importing Assets/Materials using Guid(90fa588dd64036343af007e92911173c) Importer(815301076,1909f56bfc062723c751e8b465ee728b)  -> (artifact id: 'ca9c6d354acdf009767ab7776ab4e9ee') in 0.001372 seconds
  Import took 0.003061 seconds .

========================================================================
Received Import Request.
  Time since last request: 0.000440 seconds.
  path: Assets/Materials
  artifactKey: Guid(90fa588dd64036343af007e92911173c) Importer(815301076,1909f56bfc062723c751e8b465ee728b)
Start importing Assets/Materials using Guid(90fa588dd64036343af007e92911173c) Importer(815301076,1909f56bfc062723c751e8b465ee728b)  -> (artifact id: 'ca9c6d354acdf009767ab7776ab4e9ee') in 0.001216 seconds
  Import took 0.002450 seconds .

========================================================================
Received Import Request.
  Time since last request: 72.141142 seconds.
  path: Assets/Models
  artifactKey: Guid(b388547789a025c40b66014c69478688) Importer(815301076,1909f56bfc062723c751e8b465ee728b)
Start importing Assets/Models using Guid(b388547789a025c40b66014c69478688) Importer(815301076,1909f56bfc062723c751e8b465ee728b)  -> (artifact id: '01011f2ea669c1360b9a5e84717f941b') in 0.001373 seconds
  Import took 0.002929 seconds .

========================================================================
Received Import Request.
  Time since last request: 56.748174 seconds.
  path: Assets/Prefabs/Brick.prefab
  artifactKey: Guid(30c0e00a0bb009c43bfe120f50ce0f50) Importer(815301076,1909f56bfc062723c751e8b465ee728b)
Start importing Assets/Prefabs/Brick.prefab using Guid(30c0e00a0bb009c43bfe120f50ce0f50) Importer(815301076,1909f56bfc062723c751e8b465ee728b)  -> (artifact id: '8d63f5da7afbe2959f331c1b068d6073') in 0.008486 seconds
  Import took 0.010182 seconds .

========================================================================
Received Import Request.
  Time since last request: 144.405817 seconds.
  path: Assets/Prefabs/Rock.prefab
  artifactKey: Guid(6a98b4fd4318d3d46b5e13e2ffa7e295) Importer(815301076,1909f56bfc062723c751e8b465ee728b)
Start importing Assets/Prefabs/Rock.prefab using Guid(6a98b4fd4318d3d46b5e13e2ffa7e295) Importer(815301076,1909f56bfc062723c751e8b465ee728b)  -> (artifact id: 'd0bc7fbae23b93b8bd1074f4ac34daa7') in 0.005912 seconds
  Import took 0.007551 seconds .

========================================================================
Received Import Request.
  Time since last request: 119.007758 seconds.
  path: Assets/Textures/blocks/coarse_dirt.png
  artifactKey: Guid(73d828b955bd7cd4ca0fb0fd4fc4ce73) Importer(815301076,1909f56bfc062723c751e8b465ee728b)
Start importing Assets/Textures/blocks/coarse_dirt.png using Guid(73d828b955bd7cd4ca0fb0fd4fc4ce73) Importer(815301076,1909f56bfc062723c751e8b465ee728b)  -> (artifact id: '6faeea17be1fa1ff126215e802cd2fab') in 0.003762 seconds
  Import took 0.005320 seconds .

========================================================================
Received Import Request.
  Time since last request: 21.335251 seconds.
  path: Assets/Textures/blocks/stone.png
  artifactKey: Guid(aa10dde7d6ece5d46b635033300acb89) Importer(815301076,1909f56bfc062723c751e8b465ee728b)
Start importing Assets/Textures/blocks/stone.png using Guid(aa10dde7d6ece5d46b635033300acb89) Importer(815301076,1909f56bfc062723c751e8b465ee728b)  -> (artifact id: '7092963564ed6a412b0f27ecff4368a7') in 0.003509 seconds
  Import took 0.005065 seconds .

========================================================================
Received Import Request.
  Time since last request: 1.016344 seconds.
  path: Assets/Textures/blocks/gold_block.png
  artifactKey: Guid(2eea0ad3fe8b8c242b1248f927d34178) Importer(815301076,1909f56bfc062723c751e8b465ee728b)
Start importing Assets/Textures/blocks/gold_block.png using Guid(2eea0ad3fe8b8c242b1248f927d34178) Importer(815301076,1909f56bfc062723c751e8b465ee728b)  -> (artifact id: '293485b210256e91107930d74955b528') in 0.003401 seconds
  Import took 0.004932 seconds .

========================================================================
Received Import Request.
  Time since last request: 23.342715 seconds.
  path: Assets/Prefabs/QuestionBox.prefab
  artifactKey: Guid(5cd4c2803ac411a4a9fa4cc5374297cf) Importer(815301076,1909f56bfc062723c751e8b465ee728b)
Start importing Assets/Prefabs/QuestionBox.prefab using Guid(5cd4c2803ac411a4a9fa4cc5374297cf) Importer(815301076,1909f56bfc062723c751e8b465ee728b)  -> (artifact id: 'a549dba4e09d5520afddcc625d0ce8be') in 0.005370 seconds
  Import took 0.007021 seconds .

========================================================================
Received Import Request.
  Time since last request: 107.744806 seconds.
  path: Assets/Prefabs/Stone.prefab
  artifactKey: Guid(00efb49974f64e84b9b1e08f1ce3dbf9) Importer(815301076,1909f56bfc062723c751e8b465ee728b)
Start importing Assets/Prefabs/Stone.prefab using Guid(00efb49974f64e84b9b1e08f1ce3dbf9) Importer(815301076,1909f56bfc062723c751e8b465ee728b)  -> (artifact id: 'ad03c33331f289a466fd0fd63c553935') in 0.005654 seconds
  Import took 0.007306 seconds .

========================================================================
Received Import Request.
  Time since last request: 91.950632 seconds.
  path: Assets/Textures/Level1-1.png
  artifactKey: Guid(1b350468da476d44784643c3d9a36f48) Importer(815301076,1909f56bfc062723c751e8b465ee728b)
Start importing Assets/Textures/Level1-1.png using Guid(1b350468da476d44784643c3d9a36f48) Importer(815301076,1909f56bfc062723c751e8b465ee728b)  -> (artifact id: '5e30f4b3859598e5e0f10697fb44bbff') in 0.009501 seconds
  Import took 0.011104 seconds .

========================================================================
Received Prepare
Registering precompiled user dll's ...
Registered in 0.000546 seconds.
Begin MonoManager ReloadAssembly
Native extension for WindowsStandalone target not found
Refreshing native plugins compatible for Editor in 0.20 ms, found 0 plugins.
Preloading 0 native plugins for Editor in 0.00 ms.
Invoked RoslynAnalysisRunner static constructor.
RoslynAnalysisRunner will not be running.
RoslynAnalysisRunner has terminated.
Mono: successfully reloaded assembly
- Completed reload, in  0.619 seconds
Platform modules already initialized, skipping
Refreshing native plugins compatible for Editor in 0.15 ms, found 0 plugins.
Preloading 0 native plugins for Editor in 0.00 ms.
Unloading 1108 Unused Serialized files (Serialized files now loaded: 0)
System memory in use before: 60.4 MB.
System memory in use after: 60.5 MB.

Unloading 4 unused Assets to reduce memory usage. Loaded Objects now: 1610.
Total: 1.463100 ms (FindLiveObjects: 0.124900 ms CreateObjectMapping: 0.032300 ms MarkObjects: 1.294200 ms  DeleteObjects: 0.011100 ms)

========================================================================
Received Prepare
Registering precompiled user dll's ...
Registered in 0.000579 seconds.
Begin MonoManager ReloadAssembly
Native extension for WindowsStandalone target not found
Refreshing native plugins compatible for Editor in 0.19 ms, found 0 plugins.
Preloading 0 native plugins for Editor in 0.00 ms.
Invoked RoslynAnalysisRunner static constructor.
RoslynAnalysisRunner will not be running.
RoslynAnalysisRunner has terminated.
Mono: successfully reloaded assembly
- Completed reload, in  0.624 seconds
Platform modules already initialized, skipping
Refreshing native plugins compatible for Editor in 0.17 ms, found 0 plugins.
Preloading 0 native plugins for Editor in 0.00 ms.
Unloading 1108 Unused Serialized files (Serialized files now loaded: 0)
System memory in use before: 60.4 MB.
System memory in use after: 60.5 MB.

Unloading 4 unused Assets to reduce memory usage. Loaded Objects now: 1613.
Total: 1.453300 ms (FindLiveObjects: 0.130100 ms CreateObjectMapping: 0.031900 ms MarkObjects: 1.280000 ms  DeleteObjects: 0.010700 ms)

========================================================================
Received Prepare
Registering precompiled user dll's ...
Registered in 0.000581 seconds.
Begin MonoManager ReloadAssembly
Native extension for WindowsStandalone target not found
Refreshing native plugins compatible for Editor in 0.19 ms, found 0 plugins.
Preloading 0 native plugins for Editor in 0.00 ms.
Invoked RoslynAnalysisRunner static constructor.
RoslynAnalysisRunner will not be running.
RoslynAnalysisRunner has terminated.
Mono: successfully reloaded assembly
- Completed reload, in  0.613 seconds
Platform modules already initialized, skipping
Refreshing native plugins compatible for Editor in 0.16 ms, found 0 plugins.
Preloading 0 native plugins for Editor in 0.00 ms.
Unloading 1108 Unused Serialized files (Serialized files now loaded: 0)
System memory in use before: 60.4 MB.
System memory in use after: 60.5 MB.

Unloading 4 unused Assets to reduce memory usage. Loaded Objects now: 1616.
Total: 1.506300 ms (FindLiveObjects: 0.141800 ms CreateObjectMapping: 0.041400 ms MarkObjects: 1.309700 ms  DeleteObjects: 0.012400 ms)

========================================================================
Received Prepare
Registering precompiled user dll's ...
Registered in 0.000548 seconds.
Begin MonoManager ReloadAssembly
Native extension for WindowsStandalone target not found
Refreshing native plugins compatible for Editor in 0.19 ms, found 0 plugins.
Preloading 0 native plugins for Editor in 0.00 ms.
Invoked RoslynAnalysisRunner static constructor.
RoslynAnalysisRunner will not be running.
RoslynAnalysisRunner has terminated.
Mono: successfully reloaded assembly
- Completed reload, in  0.615 seconds
Platform modules already initialized, skipping
Refreshing native plugins compatible for Editor in 0.17 ms, found 0 plugins.
Preloading 0 native plugins for Editor in 0.00 ms.
Unloading 1108 Unused Serialized files (Serialized files now loaded: 0)
System memory in use before: 60.5 MB.
System memory in use after: 60.6 MB.

Unloading 4 unused Assets to reduce memory usage. Loaded Objects now: 1619.
Total: 1.504600 ms (FindLiveObjects: 0.146200 ms CreateObjectMapping: 0.035900 ms MarkObjects: 1.311400 ms  DeleteObjects: 0.010100 ms)

========================================================================
Received Prepare
Registering precompiled user dll's ...
Registered in 0.000539 seconds.
Begin MonoManager ReloadAssembly
Native extension for WindowsStandalone target not found
Refreshing native plugins compatible for Editor in 0.19 ms, found 0 plugins.
Preloading 0 native plugins for Editor in 0.00 ms.
Invoked RoslynAnalysisRunner static constructor.
RoslynAnalysisRunner will not be running.
RoslynAnalysisRunner has terminated.
Mono: successfully reloaded assembly
- Completed reload, in  0.616 seconds
Platform modules already initialized, skipping
Refreshing native plugins compatible for Editor in 0.16 ms, found 0 plugins.
Preloading 0 native plugins for Editor in 0.00 ms.
Unloading 1108 Unused Serialized files (Serialized files now loaded: 0)
System memory in use before: 60.5 MB.
System memory in use after: 60.6 MB.

Unloading 4 unused Assets to reduce memory usage. Loaded Objects now: 1622.
Total: 1.303200 ms (FindLiveObjects: 0.112900 ms CreateObjectMapping: 0.028800 ms MarkObjects: 1.150200 ms  DeleteObjects: 0.009900 ms)

========================================================================
Received Prepare
Registering precompiled user dll's ...
Registered in 0.000570 seconds.
Begin MonoManager ReloadAssembly
Native extension for WindowsStandalone target not found
Refreshing native plugins compatible for Editor in 0.19 ms, found 0 plugins.
Preloading 0 native plugins for Editor in 0.00 ms.
Invoked RoslynAnalysisRunner static constructor.
RoslynAnalysisRunner will not be running.
RoslynAnalysisRunner has terminated.
Mono: successfully reloaded assembly
- Completed reload, in  0.610 seconds
Platform modules already initialized, skipping
Refreshing native plugins compatible for Editor in 0.17 ms, found 0 plugins.
Preloading 0 native plugins for Editor in 0.00 ms.
Unloading 1108 Unused Serialized files (Serialized files now loaded: 0)
System memory in use before: 60.5 MB.
System memory in use after: 60.6 MB.

Unloading 4 unused Assets to reduce memory usage. Loaded Objects now: 1625.
Total: 1.312900 ms (FindLiveObjects: 0.131800 ms CreateObjectMapping: 0.033900 ms MarkObjects: 1.135700 ms  DeleteObjects: 0.010800 ms)

========================================================================
Received Prepare
Registering precompiled user dll's ...
Registered in 0.000643 seconds.
Begin MonoManager ReloadAssembly
Native extension for WindowsStandalone target not found
Refreshing native plugins compatible for Editor in 0.19 ms, found 0 plugins.
Preloading 0 native plugins for Editor in 0.00 ms.
Invoked RoslynAnalysisRunner static constructor.
RoslynAnalysisRunner will not be running.
RoslynAnalysisRunner has terminated.
Mono: successfully reloaded assembly
- Completed reload, in  0.622 seconds
Platform modules already initialized, skipping
Refreshing native plugins compatible for Editor in 0.20 ms, found 0 plugins.
Preloading 0 native plugins for Editor in 0.00 ms.
Unloading 1108 Unused Serialized files (Serialized files now loaded: 0)
System memory in use before: 60.5 MB.
System memory in use after: 60.6 MB.

Unloading 4 unused Assets to reduce memory usage. Loaded Objects now: 1628.
Total: 1.355400 ms (FindLiveObjects: 0.143100 ms CreateObjectMapping: 0.039000 ms MarkObjects: 1.160500 ms  DeleteObjects: 0.011900 ms)

========================================================================
Received Prepare
Registering precompiled user dll's ...
Registered in 0.000644 seconds.
Begin MonoManager ReloadAssembly
Native extension for WindowsStandalone target not found
Refreshing native plugins compatible for Editor in 0.19 ms, found 0 plugins.
Preloading 0 native plugins for Editor in 0.00 ms.
Invoked RoslynAnalysisRunner static constructor.
RoslynAnalysisRunner will not be running.
RoslynAnalysisRunner has terminated.
Mono: successfully reloaded assembly
- Completed reload, in  0.611 seconds
Platform modules already initialized, skipping
Refreshing native plugins compatible for Editor in 0.17 ms, found 0 plugins.
Preloading 0 native plugins for Editor in 0.00 ms.
Unloading 1108 Unused Serialized files (Serialized files now loaded: 0)
System memory in use before: 60.5 MB.
System memory in use after: 60.6 MB.

Unloading 4 unused Assets to reduce memory usage. Loaded Objects now: 1631.
Total: 1.414700 ms (FindLiveObjects: 0.123500 ms CreateObjectMapping: 0.034200 ms MarkObjects: 1.245400 ms  DeleteObjects: 0.009800 ms)

========================================================================
Received Prepare
Registering precompiled user dll's ...
Registered in 0.000697 seconds.
Begin MonoManager ReloadAssembly
Native extension for WindowsStandalone target not found
Refreshing native plugins compatible for Editor in 0.20 ms, found 0 plugins.
Preloading 0 native plugins for Editor in 0.00 ms.
Invoked RoslynAnalysisRunner static constructor.
RoslynAnalysisRunner will not be running.
RoslynAnalysisRunner has terminated.
Mono: successfully reloaded assembly
- Completed reload, in  0.622 seconds
Platform modules already initialized, skipping
Refreshing native plugins compatible for Editor in 0.18 ms, found 0 plugins.
Preloading 0 native plugins for Editor in 0.00 ms.
Unloading 1108 Unused Serialized files (Serialized files now loaded: 0)
System memory in use before: 60.5 MB.
System memory in use after: 60.6 MB.

Unloading 4 unused Assets to reduce memory usage. Loaded Objects now: 1634.
Total: 1.440700 ms (FindLiveObjects: 0.116100 ms CreateObjectMapping: 0.030100 ms MarkObjects: 1.283600 ms  DeleteObjects: 0.010200 ms)

========================================================================
Received Prepare
Registering precompiled user dll's ...
Registered in 0.000545 seconds.
Begin MonoManager ReloadAssembly
Native extension for WindowsStandalone target not found
Refreshing native plugins compatible for Editor in 0.20 ms, found 0 plugins.
Preloading 0 native plugins for Editor in 0.00 ms.
Invoked RoslynAnalysisRunner static constructor.
RoslynAnalysisRunner will not be running.
RoslynAnalysisRunner has terminated.
Mono: successfully reloaded assembly
- Completed reload, in  0.632 seconds
Platform modules already initialized, skipping
Refreshing native plugins compatible for Editor in 0.19 ms, found 0 plugins.
Preloading 0 native plugins for Editor in 0.00 ms.
Unloading 1108 Unused Serialized files (Serialized files now loaded: 0)
System memory in use before: 60.5 MB.
System memory in use after: 60.6 MB.

Unloading 4 unused Assets to reduce memory usage. Loaded Objects now: 1637.
Total: 1.518800 ms (FindLiveObjects: 0.239500 ms CreateObjectMapping: 0.078900 ms MarkObjects: 1.187400 ms  DeleteObjects: 0.011800 ms)

========================================================================
Received Prepare
Registering precompiled user dll's ...
Registered in 0.000541 seconds.
Begin MonoManager ReloadAssembly
Native extension for WindowsStandalone target not found
Refreshing native plugins compatible for Editor in 0.19 ms, found 0 plugins.
Preloading 0 native plugins for Editor in 0.00 ms.
Invoked RoslynAnalysisRunner static constructor.
RoslynAnalysisRunner will not be running.
RoslynAnalysisRunner has terminated.
Mono: successfully reloaded assembly
- Completed reload, in  0.592 seconds
Platform modules already initialized, skipping
Refreshing native plugins compatible for Editor in 0.16 ms, found 0 plugins.
Preloading 0 native plugins for Editor in 0.00 ms.
Unloading 1108 Unused Serialized files (Serialized files now loaded: 0)
System memory in use before: 60.5 MB.
System memory in use after: 60.6 MB.

Unloading 4 unused Assets to reduce memory usage. Loaded Objects now: 1640.
Total: 1.598900 ms (FindLiveObjects: 0.169100 ms CreateObjectMapping: 0.058400 ms MarkObjects: 1.358900 ms  DeleteObjects: 0.011600 ms)

========================================================================
Received Prepare
Registering precompiled user dll's ...
Registered in 0.000539 seconds.
Begin MonoManager ReloadAssembly
Native extension for WindowsStandalone target not found
Refreshing native plugins compatible for Editor in 0.19 ms, found 0 plugins.
Preloading 0 native plugins for Editor in 0.00 ms.
Invoked RoslynAnalysisRunner static constructor.
RoslynAnalysisRunner will not be running.
RoslynAnalysisRunner has terminated.
Mono: successfully reloaded assembly
- Completed reload, in  0.593 seconds
Platform modules already initialized, skipping
Refreshing native plugins compatible for Editor in 0.19 ms, found 0 plugins.
Preloading 0 native plugins for Editor in 0.00 ms.
Unloading 1108 Unused Serialized files (Serialized files now loaded: 0)
System memory in use before: 60.5 MB.
System memory in use after: 60.6 MB.

Unloading 4 unused Assets to reduce memory usage. Loaded Objects now: 1643.
Total: 1.574600 ms (FindLiveObjects: 0.132400 ms CreateObjectMapping: 0.038700 ms MarkObjects: 1.391200 ms  DeleteObjects: 0.011400 ms)

========================================================================
Received Prepare
Registering precompiled user dll's ...
Registered in 0.000635 seconds.
Begin MonoManager ReloadAssembly
Native extension for WindowsStandalone target not found
Refreshing native plugins compatible for Editor in 0.20 ms, found 0 plugins.
Preloading 0 native plugins for Editor in 0.00 ms.
Invoked RoslynAnalysisRunner static constructor.
RoslynAnalysisRunner will not be running.
RoslynAnalysisRunner has terminated.
Mono: successfully reloaded assembly
- Completed reload, in  0.631 seconds
Platform modules already initialized, skipping
Refreshing native plugins compatible for Editor in 0.19 ms, found 0 plugins.
Preloading 0 native plugins for Editor in 0.00 ms.
Unloading 1108 Unused Serialized files (Serialized files now loaded: 0)
System memory in use before: 60.5 MB.
System memory in use after: 60.6 MB.

Unloading 4 unused Assets to reduce memory usage. Loaded Objects now: 1646.
Total: 1.383300 ms (FindLiveObjects: 0.166500 ms CreateObjectMapping: 0.043900 ms MarkObjects: 1.159100 ms  DeleteObjects: 0.012500 ms)

========================================================================
Received Prepare
Registering precompiled user dll's ...
Registered in 0.000639 seconds.
Begin MonoManager ReloadAssembly
Native extension for WindowsStandalone target not found
Refreshing native plugins compatible for Editor in 0.19 ms, found 0 plugins.
Preloading 0 native plugins for Editor in 0.00 ms.
Invoked RoslynAnalysisRunner static constructor.
RoslynAnalysisRunner will not be running.
RoslynAnalysisRunner has terminated.
Mono: successfully reloaded assembly
- Completed reload, in  0.623 seconds
Platform modules already initialized, skipping
Refreshing native plugins compatible for Editor in 0.18 ms, found 0 plugins.
Preloading 0 native plugins for Editor in 0.00 ms.
Unloading 1108 Unused Serialized files (Serialized files now loaded: 0)
System memory in use before: 60.5 MB.
System memory in use after: 60.6 MB.

Unloading 4 unused Assets to reduce memory usage. Loaded Objects now: 1649.
Total: 1.408400 ms (FindLiveObjects: 0.171100 ms CreateObjectMapping: 0.044400 ms MarkObjects: 1.180100 ms  DeleteObjects: 0.012100 ms)

========================================================================
Received Prepare
Registering precompiled user dll's ...
Registered in 0.000653 seconds.
Begin MonoManager ReloadAssembly
Native extension for WindowsStandalone target not found
Refreshing native plugins compatible for Editor in 0.19 ms, found 0 plugins.
Preloading 0 native plugins for Editor in 0.00 ms.
Invoked RoslynAnalysisRunner static constructor.
RoslynAnalysisRunner will not be running.
RoslynAnalysisRunner has terminated.
Mono: successfully reloaded assembly
- Completed reload, in  0.631 seconds
Platform modules already initialized, skipping
Refreshing native plugins compatible for Editor in 0.19 ms, found 0 plugins.
Preloading 0 native plugins for Editor in 0.00 ms.
Unloading 1108 Unused Serialized files (Serialized files now loaded: 0)
System memory in use before: 60.5 MB.
System memory in use after: 60.6 MB.

Unloading 4 unused Assets to reduce memory usage. Loaded Objects now: 1652.
Total: 1.501700 ms (FindLiveObjects: 0.151400 ms CreateObjectMapping: 0.048800 ms MarkObjects: 1.284100 ms  DeleteObjects: 0.014800 ms)

========================================================================
Received Import Request.
  Time since last request: 959.665975 seconds.
  path: Assets/Prefabs/Brick.prefab
  artifactKey: Guid(30c0e00a0bb009c43bfe120f50ce0f50) Importer(815301076,1909f56bfc062723c751e8b465ee728b)
Start importing Assets/Prefabs/Brick.prefab using Guid(30c0e00a0bb009c43bfe120f50ce0f50) Importer(815301076,1909f56bfc062723c751e8b465ee728b)  -> (artifact id: '1341e27cba08d27cf7c0e867739d1de9') in 0.039733 seconds
  Import took 0.041461 seconds .

========================================================================
Received Import Request.
  Time since last request: 2.959870 seconds.
  path: Assets/Prefabs/QuestionBox.prefab
  artifactKey: Guid(5cd4c2803ac411a4a9fa4cc5374297cf) Importer(815301076,1909f56bfc062723c751e8b465ee728b)
Start importing Assets/Prefabs/QuestionBox.prefab using Guid(5cd4c2803ac411a4a9fa4cc5374297cf) Importer(815301076,1909f56bfc062723c751e8b465ee728b)  -> (artifact id: 'ad0d80b6c4e730993573b3118a85036b') in 0.005759 seconds
  Import took 0.007417 seconds .

========================================================================
Received Import Request.
  Time since last request: 310.632415 seconds.
  path: Assets/Textures/background.png
  artifactKey: Guid(dff1ee35e93486f4fb86c5756453d87b) Importer(815301076,1909f56bfc062723c751e8b465ee728b)
Start importing Assets/Textures/background.png using Guid(dff1ee35e93486f4fb86c5756453d87b) Importer(815301076,1909f56bfc062723c751e8b465ee728b)  -> (artifact id: '4a01422958481aa51b85cecada7cfdfe') in 0.007940 seconds
  Import took 0.009878 seconds .

========================================================================
Received Prepare
Registering precompiled user dll's ...
Registered in 0.000612 seconds.
Begin MonoManager ReloadAssembly
Native extension for WindowsStandalone target not found
Refreshing native plugins compatible for Editor in 0.19 ms, found 0 plugins.
Preloading 0 native plugins for Editor in 0.00 ms.
Invoked RoslynAnalysisRunner static constructor.
RoslynAnalysisRunner will not be running.
RoslynAnalysisRunner has terminated.
Mono: successfully reloaded assembly
- Completed reload, in  0.592 seconds
Platform modules already initialized, skipping
Refreshing native plugins compatible for Editor in 0.20 ms, found 0 plugins.
Preloading 0 native plugins for Editor in 0.00 ms.
Unloading 1108 Unused Serialized files (Serialized files now loaded: 0)
System memory in use before: 60.5 MB.
System memory in use after: 60.6 MB.

Unloading 4 unused Assets to reduce memory usage. Loaded Objects now: 1656.
Total: 1.418800 ms (FindLiveObjects: 0.116100 ms CreateObjectMapping: 0.029900 ms MarkObjects: 1.260700 ms  DeleteObjects: 0.011400 ms)

========================================================================
Received Import Request.
  Time since last request: 316.077244 seconds.
  path: Assets/Textures/Reference.png
  artifactKey: Guid(8f461bff2d4101a4bbccaf58ed7d0e25) Importer(815301076,1909f56bfc062723c751e8b465ee728b)
Start importing Assets/Textures/Reference.png using Guid(8f461bff2d4101a4bbccaf58ed7d0e25) Importer(815301076,1909f56bfc062723c751e8b465ee728b)  -> (artifact id: 'c1c99e62a871ac2c15695a278782decf') in 0.024311 seconds
  Import took 0.025926 seconds .

========================================================================
Received Import Request.
  Time since last request: 0.007917 seconds.
  path: Assets/Textures/Reference.png
  artifactKey: Guid(8f461bff2d4101a4bbccaf58ed7d0e25) Importer(815301076,1909f56bfc062723c751e8b465ee728b)
Start importing Assets/Textures/Reference.png using Guid(8f461bff2d4101a4bbccaf58ed7d0e25) Importer(815301076,1909f56bfc062723c751e8b465ee728b)  -> (artifact id: 'c1c99e62a871ac2c15695a278782decf') in 0.003792 seconds
  Import took 0.005255 seconds .

========================================================================
Received Import Request.
  Time since last request: 4.862150 seconds.
  path: Assets/Textures/Reference.png
  artifactKey: Guid(8f461bff2d4101a4bbccaf58ed7d0e25) Importer(815301076,1909f56bfc062723c751e8b465ee728b)
Start importing Assets/Textures/Reference.png using Guid(8f461bff2d4101a4bbccaf58ed7d0e25) Importer(815301076,1909f56bfc062723c751e8b465ee728b)  -> (artifact id: '8d24bc096105318c327738473e6cc26f') in 0.018518 seconds
  Import took 0.020131 seconds .

========================================================================
Received Import Request.
  Time since last request: 195.472819 seconds.
  path: Assets/TextMesh Pro/Resources/Fonts & Materials/LiberationSans SDF.asset
  artifactKey: Guid(8f586378b4e144a9851e7b34d9b748ee) Importer(815301076,1909f56bfc062723c751e8b465ee728b)
Start importing Assets/TextMesh Pro/Resources/Fonts & Materials/LiberationSans SDF.asset using Guid(8f586378b4e144a9851e7b34d9b748ee) Importer(815301076,1909f56bfc062723c751e8b465ee728b)  -> (artifact id: '1219612c451869ad9108441d2cc422df') in 0.063183 seconds
  Import took 0.065125 seconds .

========================================================================
Received Import Request.
  Time since last request: 382.324599 seconds.
  path: ProjectSettings/TagManager.asset
  artifactKey: Guid(00000000000000003000000000000000) Importer(815301076,1909f56bfc062723c751e8b465ee728b)
Start importing ProjectSettings/TagManager.asset using Guid(00000000000000003000000000000000) Importer(815301076,1909f56bfc062723c751e8b465ee728b)  -> (artifact id: 'cd8dbfe5fc04d6e0f3cccf97d8e0a157') in 0.002076 seconds
  Import took 0.003764 seconds .

========================================================================
Received Import Request.
  Time since last request: 23.889520 seconds.
  path: ProjectSettings/TagManager.asset
  artifactKey: Guid(00000000000000003000000000000000) Importer(815301076,1909f56bfc062723c751e8b465ee728b)
Start importing ProjectSettings/TagManager.asset using Guid(00000000000000003000000000000000) Importer(815301076,1909f56bfc062723c751e8b465ee728b)  -> (artifact id: 'f6af1e5abeeea7f4789f7f656c9f1385') in 0.001778 seconds
  Import took 0.003312 seconds .

========================================================================
Received Import Request.
  Time since last request: 14.376124 seconds.
  path: Assets/Prefabs/Rock.prefab
  artifactKey: Guid(6a98b4fd4318d3d46b5e13e2ffa7e295) Importer(815301076,1909f56bfc062723c751e8b465ee728b)
Start importing Assets/Prefabs/Rock.prefab using Guid(6a98b4fd4318d3d46b5e13e2ffa7e295) Importer(815301076,1909f56bfc062723c751e8b465ee728b)  -> (artifact id: '48bab10a0400b5d836479d11f63e66a9') in 0.012911 seconds
  Import took 0.014566 seconds .

========================================================================
Received Import Request.
  Time since last request: 6.589747 seconds.
  path: Assets/Prefabs/Brick.prefab
  artifactKey: Guid(30c0e00a0bb009c43bfe120f50ce0f50) Importer(815301076,1909f56bfc062723c751e8b465ee728b)
Start importing Assets/Prefabs/Brick.prefab using Guid(30c0e00a0bb009c43bfe120f50ce0f50) Importer(815301076,1909f56bfc062723c751e8b465ee728b)  -> (artifact id: '0d81a44cd1563f241d5ddf4ebe4569f6') in 0.005814 seconds
  Import took 0.007449 seconds .

========================================================================
Received Prepare
Registering precompiled user dll's ...
Registered in 0.000646 seconds.
Begin MonoManager ReloadAssembly
Native extension for WindowsStandalone target not found
Refreshing native plugins compatible for Editor in 0.21 ms, found 0 plugins.
Preloading 0 native plugins for Editor in 0.00 ms.
Invoked RoslynAnalysisRunner static constructor.
RoslynAnalysisRunner will not be running.
RoslynAnalysisRunner has terminated.
Mono: successfully reloaded assembly
- Completed reload, in  0.658 seconds
Platform modules already initialized, skipping
Refreshing native plugins compatible for Editor in 0.20 ms, found 0 plugins.
Preloading 0 native plugins for Editor in 0.00 ms.
Unloading 1121 Unused Serialized files (Serialized files now loaded: 0)
System memory in use before: 62.4 MB.
System memory in use after: 61.9 MB.

Unloading 18 unused Assets to reduce memory usage. Loaded Objects now: 1666.
Total: 1.669300 ms (FindLiveObjects: 0.144100 ms CreateObjectMapping: 0.037300 ms MarkObjects: 1.232400 ms  DeleteObjects: 0.254800 ms)

========================================================================
Received Import Request.
  Time since last request: 1592.830509 seconds.
  path: ProjectSettings/TagManager.asset
  artifactKey: Guid(00000000000000003000000000000000) Importer(815301076,1909f56bfc062723c751e8b465ee728b)
Start importing ProjectSettings/TagManager.asset using Guid(00000000000000003000000000000000) Importer(815301076,1909f56bfc062723c751e8b465ee728b)  -> (artifact id: '5ec0d397bd2950bc7a2a7a732c3b184f') in 0.009950 seconds
  Import took 0.011864 seconds .

========================================================================
Received Import Request.
  Time since last request: 336.465903 seconds.
  path: Assets/Textures/coin.png
  artifactKey: Guid(7a5df2086d384c74195ddf29318a27d0) Importer(815301076,1909f56bfc062723c751e8b465ee728b)
Start importing Assets/Textures/coin.png using Guid(7a5df2086d384c74195ddf29318a27d0) Importer(815301076,1909f56bfc062723c751e8b465ee728b)  -> (artifact id: 'e0128aaa44eb34f5b53145fe19cfe859') in 0.017429 seconds
  Import took 0.019057 seconds .

========================================================================
Received Import Request.
  Time since last request: 5.416640 seconds.
  path: Assets/Textures/coin.png
  artifactKey: Guid(7a5df2086d384c74195ddf29318a27d0) Importer(815301076,1909f56bfc062723c751e8b465ee728b)
Start importing Assets/Textures/coin.png using Guid(7a5df2086d384c74195ddf29318a27d0) Importer(815301076,1909f56bfc062723c751e8b465ee728b)  -> (artifact id: 'e9e4e74be6854de4beefe49847d29eb1') in 0.018920 seconds
  Import took 0.020553 seconds .

========================================================================
Received Prepare
Registering precompiled user dll's ...
Registered in 0.000611 seconds.
Begin MonoManager ReloadAssembly
Native extension for WindowsStandalone target not found
Refreshing native plugins compatible for Editor in 0.20 ms, found 0 plugins.
Preloading 0 native plugins for Editor in 0.00 ms.
Invoked RoslynAnalysisRunner static constructor.
RoslynAnalysisRunner will not be running.
RoslynAnalysisRunner has terminated.
Mono: successfully reloaded assembly
- Completed reload, in  0.606 seconds
Platform modules already initialized, skipping
Refreshing native plugins compatible for Editor in 0.18 ms, found 0 plugins.
Preloading 0 native plugins for Editor in 0.00 ms.
Unloading 1120 Unused Serialized files (Serialized files now loaded: 0)
System memory in use before: 62.3 MB.
System memory in use after: 61.8 MB.

Unloading 17 unused Assets to reduce memory usage. Loaded Objects now: 1673.
Total: 1.738500 ms (FindLiveObjects: 0.119100 ms CreateObjectMapping: 0.028400 ms MarkObjects: 1.327300 ms  DeleteObjects: 0.263000 ms)

========================================================================
Received Prepare
Registering precompiled user dll's ...
Registered in 0.000626 seconds.
Begin MonoManager ReloadAssembly
Native extension for WindowsStandalone target not found
Refreshing native plugins compatible for Editor in 0.20 ms, found 0 plugins.
Preloading 0 native plugins for Editor in 0.00 ms.
Invoked RoslynAnalysisRunner static constructor.
RoslynAnalysisRunner will not be running.
RoslynAnalysisRunner has terminated.
Mono: successfully reloaded assembly
- Completed reload, in  0.597 seconds
Platform modules already initialized, skipping
Refreshing native plugins compatible for Editor in 0.18 ms, found 0 plugins.
Preloading 0 native plugins for Editor in 0.00 ms.
Unloading 1120 Unused Serialized files (Serialized files now loaded: 0)
System memory in use before: 62.3 MB.
System memory in use after: 61.8 MB.

Unloading 16 unused Assets to reduce memory usage. Loaded Objects now: 1676.
Total: 1.837100 ms (FindLiveObjects: 0.195100 ms CreateObjectMapping: 0.062100 ms MarkObjects: 1.311800 ms  DeleteObjects: 0.267200 ms)

========================================================================
Received Prepare
Registering precompiled user dll's ...
Registered in 0.000565 seconds.
Begin MonoManager ReloadAssembly
Native extension for WindowsStandalone target not found
Refreshing native plugins compatible for Editor in 0.19 ms, found 0 plugins.
Preloading 0 native plugins for Editor in 0.00 ms.
Invoked RoslynAnalysisRunner static constructor.
RoslynAnalysisRunner will not be running.
RoslynAnalysisRunner has terminated.
Mono: successfully reloaded assembly
- Completed reload, in  0.626 seconds
Platform modules already initialized, skipping
Refreshing native plugins compatible for Editor in 0.19 ms, found 0 plugins.
Preloading 0 native plugins for Editor in 0.00 ms.
Unloading 1120 Unused Serialized files (Serialized files now loaded: 0)
System memory in use before: 62.3 MB.
System memory in use after: 61.8 MB.

Unloading 16 unused Assets to reduce memory usage. Loaded Objects now: 1679.
Total: 1.729900 ms (FindLiveObjects: 0.183300 ms CreateObjectMapping: 0.044300 ms MarkObjects: 1.239000 ms  DeleteObjects: 0.262100 ms)

========================================================================
Received Prepare
Registering precompiled user dll's ...
Registered in 0.000545 seconds.
Begin MonoManager ReloadAssembly
Native extension for WindowsStandalone target not found
Refreshing native plugins compatible for Editor in 0.20 ms, found 0 plugins.
Preloading 0 native plugins for Editor in 0.00 ms.
Invoked RoslynAnalysisRunner static constructor.
RoslynAnalysisRunner will not be running.
RoslynAnalysisRunner has terminated.
Mono: successfully reloaded assembly
- Completed reload, in  0.606 seconds
Platform modules already initialized, skipping
Refreshing native plugins compatible for Editor in 0.20 ms, found 0 plugins.
Preloading 0 native plugins for Editor in 0.00 ms.
Unloading 1120 Unused Serialized files (Serialized files now loaded: 0)
System memory in use before: 62.3 MB.
System memory in use after: 61.9 MB.

Unloading 16 unused Assets to reduce memory usage. Loaded Objects now: 1682.
Total: 1.836000 ms (FindLiveObjects: 0.134800 ms CreateObjectMapping: 0.031000 ms MarkObjects: 1.396000 ms  DeleteObjects: 0.273500 ms)

========================================================================
Received Prepare
Registering precompiled user dll's ...
Registered in 0.000589 seconds.
Begin MonoManager ReloadAssembly
Native extension for WindowsStandalone target not found
Refreshing native plugins compatible for Editor in 0.19 ms, found 0 plugins.
Preloading 0 native plugins for Editor in 0.00 ms.
Invoked RoslynAnalysisRunner static constructor.
RoslynAnalysisRunner will not be running.
RoslynAnalysisRunner has terminated.
Mono: successfully reloaded assembly
- Completed reload, in  0.599 seconds
Platform modules already initialized, skipping
Refreshing native plugins compatible for Editor in 0.18 ms, found 0 plugins.
Preloading 0 native plugins for Editor in 0.00 ms.
Unloading 1120 Unused Serialized files (Serialized files now loaded: 0)
System memory in use before: 62.3 MB.
System memory in use after: 61.9 MB.

Unloading 16 unused Assets to reduce memory usage. Loaded Objects now: 1685.
Total: 1.851300 ms (FindLiveObjects: 0.192400 ms CreateObjectMapping: 0.063500 ms MarkObjects: 1.336900 ms  DeleteObjects: 0.257600 ms)

========================================================================
Received Prepare
Registering precompiled user dll's ...
Registered in 0.000614 seconds.
Begin MonoManager ReloadAssembly
Native extension for WindowsStandalone target not found
Refreshing native plugins compatible for Editor in 0.20 ms, found 0 plugins.
Preloading 0 native plugins for Editor in 0.00 ms.
Invoked RoslynAnalysisRunner static constructor.
RoslynAnalysisRunner will not be running.
RoslynAnalysisRunner has terminated.
Mono: successfully reloaded assembly
- Completed reload, in  0.609 seconds
Platform modules already initialized, skipping
Refreshing native plugins compatible for Editor in 0.17 ms, found 0 plugins.
Preloading 0 native plugins for Editor in 0.00 ms.
Unloading 1120 Unused Serialized files (Serialized files now loaded: 0)
System memory in use before: 62.3 MB.
System memory in use after: 61.9 MB.

Unloading 16 unused Assets to reduce memory usage. Loaded Objects now: 1688.
Total: 1.806300 ms (FindLiveObjects: 0.130000 ms CreateObjectMapping: 0.030300 ms MarkObjects: 1.394900 ms  DeleteObjects: 0.250300 ms)

========================================================================
Received Prepare
Registering precompiled user dll's ...
Registered in 0.000544 seconds.
Begin MonoManager ReloadAssembly
Native extension for WindowsStandalone target not found
Refreshing native plugins compatible for Editor in 0.19 ms, found 0 plugins.
Preloading 0 native plugins for Editor in 0.00 ms.
Invoked RoslynAnalysisRunner static constructor.
RoslynAnalysisRunner will not be running.
RoslynAnalysisRunner has terminated.
Mono: successfully reloaded assembly
- Completed reload, in  0.600 seconds
Platform modules already initialized, skipping
Refreshing native plugins compatible for Editor in 0.17 ms, found 0 plugins.
Preloading 0 native plugins for Editor in 0.00 ms.
Unloading 1120 Unused Serialized files (Serialized files now loaded: 0)
System memory in use before: 62.3 MB.
System memory in use after: 61.9 MB.

Unloading 16 unused Assets to reduce memory usage. Loaded Objects now: 1691.
Total: 1.885500 ms (FindLiveObjects: 0.142100 ms CreateObjectMapping: 0.033800 ms MarkObjects: 1.449900 ms  DeleteObjects: 0.258900 ms)

========================================================================
Received Prepare
Registering precompiled user dll's ...
Registered in 0.000534 seconds.
Begin MonoManager ReloadAssembly
Native extension for WindowsStandalone target not found
Refreshing native plugins compatible for Editor in 0.20 ms, found 0 plugins.
Preloading 0 native plugins for Editor in 0.00 ms.
Invoked RoslynAnalysisRunner static constructor.
RoslynAnalysisRunner will not be running.
RoslynAnalysisRunner has terminated.
Mono: successfully reloaded assembly
- Completed reload, in  0.612 seconds
Platform modules already initialized, skipping
Refreshing native plugins compatible for Editor in 0.19 ms, found 0 plugins.
Preloading 0 native plugins for Editor in 0.00 ms.
Unloading 1120 Unused Serialized files (Serialized files now loaded: 0)
System memory in use before: 62.3 MB.
System memory in use after: 61.9 MB.

Unloading 16 unused Assets to reduce memory usage. Loaded Objects now: 1694.
Total: 1.647300 ms (FindLiveObjects: 0.157700 ms CreateObjectMapping: 0.036800 ms MarkObjects: 1.198500 ms  DeleteObjects: 0.253600 ms)

========================================================================
Received Prepare
Registering precompiled user dll's ...
Registered in 0.000559 seconds.
Begin MonoManager ReloadAssembly
Native extension for WindowsStandalone target not found
Refreshing native plugins compatible for Editor in 0.20 ms, found 0 plugins.
Preloading 0 native plugins for Editor in 0.00 ms.
Invoked RoslynAnalysisRunner static constructor.
RoslynAnalysisRunner will not be running.
RoslynAnalysisRunner has terminated.
Mono: successfully reloaded assembly
- Completed reload, in  0.598 seconds
Platform modules already initialized, skipping
Refreshing native plugins compatible for Editor in 0.18 ms, found 0 plugins.
Preloading 0 native plugins for Editor in 0.00 ms.
Unloading 1120 Unused Serialized files (Serialized files now loaded: 0)
System memory in use before: 62.3 MB.
System memory in use after: 61.9 MB.

Unloading 16 unused Assets to reduce memory usage. Loaded Objects now: 1697.
Total: 1.785500 ms (FindLiveObjects: 0.128500 ms CreateObjectMapping: 0.032500 ms MarkObjects: 1.371100 ms  DeleteObjects: 0.252700 ms)

========================================================================
Received Prepare
Registering precompiled user dll's ...
Registered in 0.000544 seconds.
Begin MonoManager ReloadAssembly
Native extension for WindowsStandalone target not found
Refreshing native plugins compatible for Editor in 0.20 ms, found 0 plugins.
Preloading 0 native plugins for Editor in 0.00 ms.
Invoked RoslynAnalysisRunner static constructor.
RoslynAnalysisRunner will not be running.
RoslynAnalysisRunner has terminated.
Mono: successfully reloaded assembly
- Completed reload, in  0.614 seconds
Platform modules already initialized, skipping
Refreshing native plugins compatible for Editor in 0.20 ms, found 0 plugins.
Preloading 0 native plugins for Editor in 0.00 ms.
Unloading 1120 Unused Serialized files (Serialized files now loaded: 0)
System memory in use before: 62.3 MB.
System memory in use after: 61.9 MB.

Unloading 16 unused Assets to reduce memory usage. Loaded Objects now: 1700.
Total: 1.573500 ms (FindLiveObjects: 0.149500 ms CreateObjectMapping: 0.033000 ms MarkObjects: 1.122900 ms  DeleteObjects: 0.266300 ms)

========================================================================
Received Prepare
Registering precompiled user dll's ...
Registered in 0.000608 seconds.
Begin MonoManager ReloadAssembly
Native extension for WindowsStandalone target not found
Refreshing native plugins compatible for Editor in 0.20 ms, found 0 plugins.
Preloading 0 native plugins for Editor in 0.00 ms.
Invoked RoslynAnalysisRunner static constructor.
RoslynAnalysisRunner will not be running.
RoslynAnalysisRunner has terminated.
Mono: successfully reloaded assembly
- Completed reload, in  0.596 seconds
Platform modules already initialized, skipping
Refreshing native plugins compatible for Editor in 0.18 ms, found 0 plugins.
Preloading 0 native plugins for Editor in 0.00 ms.
Unloading 1120 Unused Serialized files (Serialized files now loaded: 0)
System memory in use before: 62.4 MB.
System memory in use after: 61.9 MB.

Unloading 16 unused Assets to reduce memory usage. Loaded Objects now: 1703.
Total: 1.760100 ms (FindLiveObjects: 0.139400 ms CreateObjectMapping: 0.041700 ms MarkObjects: 1.316800 ms  DeleteObjects: 0.260900 ms)

========================================================================
Received Prepare
Registering precompiled user dll's ...
Registered in 0.000597 seconds.
Begin MonoManager ReloadAssembly
Native extension for WindowsStandalone target not found
Refreshing native plugins compatible for Editor in 0.22 ms, found 0 plugins.
Preloading 0 native plugins for Editor in 0.00 ms.
Invoked RoslynAnalysisRunner static constructor.
RoslynAnalysisRunner will not be running.
RoslynAnalysisRunner has terminated.
Mono: successfully reloaded assembly
- Completed reload, in  0.599 seconds
Platform modules already initialized, skipping
Refreshing native plugins compatible for Editor in 0.18 ms, found 0 plugins.
Preloading 0 native plugins for Editor in 0.00 ms.
Unloading 1120 Unused Serialized files (Serialized files now loaded: 0)
System memory in use before: 62.4 MB.
System memory in use after: 61.9 MB.

Unloading 16 unused Assets to reduce memory usage. Loaded Objects now: 1706.
Total: 1.742800 ms (FindLiveObjects: 0.126400 ms CreateObjectMapping: 0.030100 ms MarkObjects: 1.321200 ms  DeleteObjects: 0.264200 ms)

========================================================================
Received Prepare
Registering precompiled user dll's ...
Registered in 0.000571 seconds.
Begin MonoManager ReloadAssembly
Native extension for WindowsStandalone target not found
Refreshing native plugins compatible for Editor in 0.19 ms, found 0 plugins.
Preloading 0 native plugins for Editor in 0.00 ms.
Invoked RoslynAnalysisRunner static constructor.
RoslynAnalysisRunner will not be running.
RoslynAnalysisRunner has terminated.
Mono: successfully reloaded assembly
- Completed reload, in  0.602 seconds
Platform modules already initialized, skipping
Refreshing native plugins compatible for Editor in 0.19 ms, found 0 plugins.
Preloading 0 native plugins for Editor in 0.00 ms.
Unloading 1120 Unused Serialized files (Serialized files now loaded: 0)
System memory in use before: 62.4 MB.
System memory in use after: 61.9 MB.

Unloading 16 unused Assets to reduce memory usage. Loaded Objects now: 1709.
Total: 1.794100 ms (FindLiveObjects: 0.152000 ms CreateObjectMapping: 0.038000 ms MarkObjects: 1.342500 ms  DeleteObjects: 0.260800 ms)

========================================================================
Received Prepare
Registering precompiled user dll's ...
Registered in 0.000601 seconds.
Begin MonoManager ReloadAssembly
Native extension for WindowsStandalone target not found
Refreshing native plugins compatible for Editor in 0.19 ms, found 0 plugins.
Preloading 0 native plugins for Editor in 0.00 ms.
Invoked RoslynAnalysisRunner static constructor.
RoslynAnalysisRunner will not be running.
RoslynAnalysisRunner has terminated.
Mono: successfully reloaded assembly
- Completed reload, in  0.630 seconds
Platform modules already initialized, skipping
Refreshing native plugins compatible for Editor in 0.18 ms, found 0 plugins.
Preloading 0 native plugins for Editor in 0.00 ms.
Unloading 1120 Unused Serialized files (Serialized files now loaded: 0)
System memory in use before: 62.4 MB.
System memory in use after: 61.9 MB.

Unloading 16 unused Assets to reduce memory usage. Loaded Objects now: 1712.
Total: 1.625700 ms (FindLiveObjects: 0.142100 ms CreateObjectMapping: 0.031500 ms MarkObjects: 1.193700 ms  DeleteObjects: 0.257600 ms)

========================================================================
Received Prepare
Registering precompiled user dll's ...
Registered in 0.000609 seconds.
Begin MonoManager ReloadAssembly
Native extension for WindowsStandalone target not found
Refreshing native plugins compatible for Editor in 0.19 ms, found 0 plugins.
Preloading 0 native plugins for Editor in 0.00 ms.
Invoked RoslynAnalysisRunner static constructor.
RoslynAnalysisRunner will not be running.
RoslynAnalysisRunner has terminated.
Mono: successfully reloaded assembly
- Completed reload, in  0.614 seconds
Platform modules already initialized, skipping
Refreshing native plugins compatible for Editor in 0.18 ms, found 0 plugins.
Preloading 0 native plugins for Editor in 0.00 ms.
Unloading 1120 Unused Serialized files (Serialized files now loaded: 0)
System memory in use before: 62.4 MB.
System memory in use after: 61.9 MB.

Unloading 16 unused Assets to reduce memory usage. Loaded Objects now: 1715.
Total: 1.685700 ms (FindLiveObjects: 0.153300 ms CreateObjectMapping: 0.039500 ms MarkObjects: 1.196400 ms  DeleteObjects: 0.295100 ms)

========================================================================
Received Prepare
Registering precompiled user dll's ...
Registered in 0.000534 seconds.
Begin MonoManager ReloadAssembly
Native extension for WindowsStandalone target not found
Refreshing native plugins compatible for Editor in 0.20 ms, found 0 plugins.
Preloading 0 native plugins for Editor in 0.00 ms.
Invoked RoslynAnalysisRunner static constructor.
RoslynAnalysisRunner will not be running.
RoslynAnalysisRunner has terminated.
Mono: successfully reloaded assembly
- Completed reload, in  0.612 seconds
Platform modules already initialized, skipping
Refreshing native plugins compatible for Editor in 0.19 ms, found 0 plugins.
Preloading 0 native plugins for Editor in 0.00 ms.
Unloading 1120 Unused Serialized files (Serialized files now loaded: 0)
System memory in use before: 62.4 MB.
System memory in use after: 61.9 MB.

Unloading 16 unused Assets to reduce memory usage. Loaded Objects now: 1718.
Total: 1.574200 ms (FindLiveObjects: 0.149500 ms CreateObjectMapping: 0.033800 ms MarkObjects: 1.120800 ms  DeleteObjects: 0.269100 ms)

========================================================================
Received Prepare
Registering precompiled user dll's ...
Registered in 0.000544 seconds.
Begin MonoManager ReloadAssembly
Native extension for WindowsStandalone target not found
Refreshing native plugins compatible for Editor in 0.20 ms, found 0 plugins.
Preloading 0 native plugins for Editor in 0.00 ms.
Invoked RoslynAnalysisRunner static constructor.
RoslynAnalysisRunner will not be running.
RoslynAnalysisRunner has terminated.
Mono: successfully reloaded assembly
- Completed reload, in  0.608 seconds
Platform modules already initialized, skipping
Refreshing native plugins compatible for Editor in 0.19 ms, found 0 plugins.
Preloading 0 native plugins for Editor in 0.00 ms.
Unloading 1120 Unused Serialized files (Serialized files now loaded: 0)
System memory in use before: 62.4 MB.
System memory in use after: 61.9 MB.

Unloading 16 unused Assets to reduce memory usage. Loaded Objects now: 1721.
Total: 1.754700 ms (FindLiveObjects: 0.139300 ms CreateObjectMapping: 0.033900 ms MarkObjects: 1.318300 ms  DeleteObjects: 0.262500 ms)

========================================================================
Received Prepare
Registering precompiled user dll's ...
Registered in 0.000693 seconds.
Begin MonoManager ReloadAssembly
Native extension for WindowsStandalone target not found
Refreshing native plugins compatible for Editor in 0.19 ms, found 0 plugins.
Preloading 0 native plugins for Editor in 0.00 ms.
Invoked RoslynAnalysisRunner static constructor.
RoslynAnalysisRunner will not be running.
RoslynAnalysisRunner has terminated.
Mono: successfully reloaded assembly
- Completed reload, in  0.629 seconds
Platform modules already initialized, skipping
Refreshing native plugins compatible for Editor in 0.20 ms, found 0 plugins.
Preloading 0 native plugins for Editor in 0.00 ms.
Unloading 1120 Unused Serialized files (Serialized files now loaded: 0)
System memory in use before: 62.4 MB.
System memory in use after: 61.9 MB.

Unloading 16 unused Assets to reduce memory usage. Loaded Objects now: 1724.
Total: 1.666200 ms (FindLiveObjects: 0.182700 ms CreateObjectMapping: 0.042400 ms MarkObjects: 1.164400 ms  DeleteObjects: 0.275700 ms)

========================================================================
Received Import Request.
  Time since last request: 1417.615986 seconds.
  path: Assets/Prefabs/QuestionBox.prefab
  artifactKey: Guid(5cd4c2803ac411a4a9fa4cc5374297cf) Importer(815301076,1909f56bfc062723c751e8b465ee728b)
Start importing Assets/Prefabs/QuestionBox.prefab using Guid(5cd4c2803ac411a4a9fa4cc5374297cf) Importer(815301076,1909f56bfc062723c751e8b465ee728b)  -> (artifact id: '8f92fadd6e632e2de6881a74aeddd021') in 0.040092 seconds
  Import took 0.041762 seconds .

========================================================================
Received Prepare
Registering precompiled user dll's ...
Registered in 0.000636 seconds.
Begin MonoManager ReloadAssembly
Native extension for WindowsStandalone target not found
Refreshing native plugins compatible for Editor in 0.20 ms, found 0 plugins.
Preloading 0 native plugins for Editor in 0.00 ms.
Invoked RoslynAnalysisRunner static constructor.
RoslynAnalysisRunner will not be running.
RoslynAnalysisRunner has terminated.
Mono: successfully reloaded assembly
- Completed reload, in  0.620 seconds
Platform modules already initialized, skipping
Refreshing native plugins compatible for Editor in 0.19 ms, found 0 plugins.
Preloading 0 native plugins for Editor in 0.00 ms.
Unloading 1120 Unused Serialized files (Serialized files now loaded: 0)
System memory in use before: 62.4 MB.
System memory in use after: 61.9 MB.

Unloading 16 unused Assets to reduce memory usage. Loaded Objects now: 1728.
Total: 1.753100 ms (FindLiveObjects: 0.216000 ms CreateObjectMapping: 0.043400 ms MarkObjects: 1.215800 ms  DeleteObjects: 0.277000 ms)

AssetImportWorkerClient::OnTransportError - code=2 error=End of file
